Using pre-set license
Built from '2021.3/staging' branch; Version is '2021.3.24f1 (cf10dcf7010d) revision 13570268'; Using compiler version '192829333'; Build Type 'Release'
OS: 'Windows 10  (10.0.19045) 64bit Core' Language: 'ru' Physical Memory: 8099 MB
BatchMode: 1, IsHumanControllingUs: 0, StartBugReporterOnCrash: 0, Is64bit: 1, IsPro: 1

COMMAND LINE ARGUMENTS:
C:\Program Files\Unity\Hub\Editor\2021.3.24f1\Editor\Unity.exe
-adb2
-batchMode
-noUpm
-name
AssetImportWorker0
-projectPath
C:/PROJECTS/Tayer defense 3D game
-logFile
Logs/AssetImportWorker0.log
-srvPort
52301
Successfully changed project path to: C:/PROJECTS/Tayer defense 3D game
C:/PROJECTS/Tayer defense 3D game
[UnityMemory] Configuration Parameters - Can be set up in boot.config
    "memorysetup-bucket-allocator-granularity=16"
    "memorysetup-bucket-allocator-bucket-count=8"
    "memorysetup-bucket-allocator-block-size=33554432"
    "memorysetup-bucket-allocator-block-count=8"
    "memorysetup-main-allocator-block-size=16777216"
    "memorysetup-thread-allocator-block-size=16777216"
    "memorysetup-gfx-main-allocator-block-size=16777216"
    "memorysetup-gfx-thread-allocator-block-size=16777216"
    "memorysetup-cache-allocator-block-size=4194304"
    "memorysetup-typetree-allocator-block-size=2097152"
    "memorysetup-profiler-bucket-allocator-granularity=16"
    "memorysetup-profiler-bucket-allocator-bucket-count=8"
    "memorysetup-profiler-bucket-allocator-block-size=33554432"
    "memorysetup-profiler-bucket-allocator-block-count=8"
    "memorysetup-profiler-allocator-block-size=16777216"
    "memorysetup-profiler-editor-allocator-block-size=1048576"
    "memorysetup-temp-allocator-size-main=16777216"
    "memorysetup-job-temp-allocator-block-size=2097152"
    "memorysetup-job-temp-allocator-block-size-background=1048576"
    "memorysetup-job-temp-allocator-reduction-small-platforms=262144"
    "memorysetup-temp-allocator-size-background-worker=32768"
    "memorysetup-temp-allocator-size-job-worker=262144"
    "memorysetup-temp-allocator-size-preload-manager=33554432"
    "memorysetup-temp-allocator-size-nav-mesh-worker=65536"
    "memorysetup-temp-allocator-size-audio-worker=65536"
    "memorysetup-temp-allocator-size-cloud-worker=32768"
    "memorysetup-temp-allocator-size-gi-baking-worker=262144"
    "memorysetup-temp-allocator-size-gfx=262144"
Player connection [16328] Host "[IP] 192.168.1.7 [Port] 0 [Flags] 2 [Guid] 199301872 [EditorId] 199301872 [Version] 1048832 [Id] WindowsEditor(7,Home-PC) [Debug] 1 [PackageName] WindowsEditor [ProjectName] Editor" joined multi-casting on [225.0.0.222:54997]...

Player connection [16328] Host "[IP] 192.168.1.7 [Port] 0 [Flags] 2 [Guid] 199301872 [EditorId] 199301872 [Version] 1048832 [Id] WindowsEditor(7,Home-PC) [Debug] 1 [PackageName] WindowsEditor [ProjectName] Editor" joined alternative multi-casting on [225.0.0.222:34997]...

Refreshing native plugins compatible for Editor in 136.18 ms, found 3 plugins.
Preloading 0 native plugins for Editor in 0.00 ms.
Initialize engine version: 2021.3.24f1 (cf10dcf7010d)
[Subsystems] Discovering subsystems at path C:/Program Files/Unity/Hub/Editor/2021.3.24f1/Editor/Data/Resources/UnitySubsystems
[Subsystems] Discovering subsystems at path C:/PROJECTS/Tayer defense 3D game/Assets
GfxDevice: creating device client; threaded=0; jobified=0
Direct3D:
    Version:  Direct3D 11.0 [level 11.1]
    Renderer: NVIDIA GeForce RTX 2060 (ID=0x1f15)
    Vendor:   NVIDIA
    VRAM:     5955 MB
    Driver:   31.0.15.5186
Initialize mono
Mono path[0] = 'C:/Program Files/Unity/Hub/Editor/2021.3.24f1/Editor/Data/Managed'
Mono path[1] = 'C:/Program Files/Unity/Hub/Editor/2021.3.24f1/Editor/Data/MonoBleedingEdge/lib/mono/unityjit-win32'
Mono config path = 'C:/Program Files/Unity/Hub/Editor/2021.3.24f1/Editor/Data/MonoBleedingEdge/etc'
Using monoOptions --debugger-agent=transport=dt_socket,embedding=1,server=y,suspend=n,address=127.0.0.1:56864
Begin MonoManager ReloadAssembly
Registering precompiled unity dll's ...
Register platform support module: C:/Program Files/Unity/Hub/Editor/2021.3.24f1/Editor/Data/PlaybackEngines/WebGLSupport/UnityEditor.WebGL.Extensions.dll
Register platform support module: C:/Program Files/Unity/Hub/Editor/2021.3.24f1/Editor/Data/PlaybackEngines/WindowsStandaloneSupport/UnityEditor.WindowsStandalone.Extensions.dll
Registered in 0.007093 seconds.
Native extension for WindowsStandalone target not found
Native extension for WebGL target not found
Refreshing native plugins compatible for Editor in 150.58 ms, found 3 plugins.
Preloading 0 native plugins for Editor in 0.00 ms.
Mono: successfully reloaded assembly
- Completed reload, in  1.259 seconds
Domain Reload Profiling:
	ReloadAssembly (1259ms)
		BeginReloadAssembly (158ms)
			ExecutionOrderSort (0ms)
			DisableScriptedObjects (0ms)
			BackupInstance (0ms)
			ReleaseScriptingObjects (0ms)
			CreateAndSetChildDomain (2ms)
		EndReloadAssembly (924ms)
			LoadAssemblies (156ms)
			RebuildTransferFunctionScriptingTraits (0ms)
			SetupTypeCache (207ms)
			ReleaseScriptCaches (0ms)
			RebuildScriptCaches (55ms)
			SetupLoadedEditorAssemblies (518ms)
				LogAssemblyErrors (0ms)
				InitializePlatformSupportModulesInManaged (17ms)
				SetLoadedEditorAssemblies (0ms)
				RefreshPlugins (151ms)
				BeforeProcessingInitializeOnLoad (2ms)
				ProcessInitializeOnLoadAttributes (252ms)
				ProcessInitializeOnLoadMethodAttributes (94ms)
				AfterProcessingInitializeOnLoad (0ms)
				EditorAssembliesLoaded (0ms)
			ExecutionOrderSort2 (0ms)
			AwakeInstancesAfterBackupRestoration (0ms)
Platform modules already initialized, skipping
Registering precompiled user dll's ...
Registered in 0.005786 seconds.
Begin MonoManager ReloadAssembly
Symbol file LoadedFromMemory doesn't match image C:\PROJECTS\Tayer defense 3D game\Library\PackageCache\com.unity.visualscripting@1.8.0\Editor\VisualScripting.Core\Dependencies\YamlDotNet\Unity.VisualScripting.YamlDotNet.dll
Symbol file LoadedFromMemory doesn't match image C:\PROJECTS\Tayer defense 3D game\Library\PackageCache\com.unity.visualscripting@1.8.0\Editor\VisualScripting.Core\Dependencies\DotNetZip\Unity.VisualScripting.IonicZip.dll
Native extension for WindowsStandalone target not found
Native extension for WebGL target not found
Refreshing native plugins compatible for Editor in 0.69 ms, found 3 plugins.
Preloading 0 native plugins for Editor in 0.00 ms.
Mono: successfully reloaded assembly
- Completed reload, in  1.830 seconds
Domain Reload Profiling:
	ReloadAssembly (1832ms)
		BeginReloadAssembly (209ms)
			ExecutionOrderSort (0ms)
			DisableScriptedObjects (15ms)
			BackupInstance (0ms)
			ReleaseScriptingObjects (0ms)
			CreateAndSetChildDomain (30ms)
		EndReloadAssembly (1420ms)
			LoadAssemblies (146ms)
			RebuildTransferFunctionScriptingTraits (0ms)
			SetupTypeCache (488ms)
			ReleaseScriptCaches (1ms)
			RebuildScriptCaches (94ms)
			SetupLoadedEditorAssemblies (635ms)
				LogAssemblyErrors (0ms)
				InitializePlatformSupportModulesInManaged (11ms)
				SetLoadedEditorAssemblies (1ms)
				RefreshPlugins (1ms)
				BeforeProcessingInitializeOnLoad (153ms)
				ProcessInitializeOnLoadAttributes (429ms)
				ProcessInitializeOnLoadMethodAttributes (34ms)
				AfterProcessingInitializeOnLoad (5ms)
				EditorAssembliesLoaded (0ms)
			ExecutionOrderSort2 (0ms)
			AwakeInstancesAfterBackupRestoration (10ms)
Platform modules already initialized, skipping
========================================================================
Worker process is ready to serve import requests
Launched and connected shader compiler UnityShaderCompiler.exe after 0.07 seconds
Refreshing native plugins compatible for Editor in 0.95 ms, found 3 plugins.
Preloading 0 native plugins for Editor in 0.00 ms.
Unloading 3069 Unused Serialized files (Serialized files now loaded: 0)
Unloading 22 unused Assets / (56.7 KB). Loaded Objects now: 3542.
Memory consumption went from 115.9 MB to 115.9 MB.
Total: 4.326600 ms (FindLiveObjects: 0.371400 ms CreateObjectMapping: 0.310800 ms MarkObjects: 3.548000 ms  DeleteObjects: 0.095400 ms)

AssetImportParameters requested are different than current active one (requested -> active):
  custom:video-decoder-ogg-theora: a1e56fd34408186e4bbccfd4996cb3dc -> 
  custom:container-muxer-webm: aa71ff27fc2769a1b78a27578f13a17b -> 
  custom:container-demuxer-webm: 4f35f7cbe854078d1ac9338744f61a02 -> 
  custom:video-encoder-webm-vp8: eb34c28f22e8b96e1ab97ce403110664 -> 
  custom:audio-encoder-webm-vorbis: bf7c407c2cedff20999df2af8eb42d56 -> 
  custom:framework-win-MediaFoundation: 216162199b28c13a410421893ffa2e32 -> 
  custom:container-demuxer-ogg: 62fdf1f143b41e24485cea50d1cbac27 -> 
  custom:video-decoder-webm-vp8: 9c59270c3fd7afecdb556c50c9e8de78 -> 
  custom:audio-decoder-ogg-vorbis: bf7c407c2cedff20999df2af8eb42d56 -> 
========================================================================
Received Prepare
Registering precompiled user dll's ...
Registered in 0.005370 seconds.
Begin MonoManager ReloadAssembly
Symbol file LoadedFromMemory doesn't match image C:\PROJECTS\Tayer defense 3D game\Library\PackageCache\com.unity.visualscripting@1.8.0\Editor\VisualScripting.Core\Dependencies\YamlDotNet\Unity.VisualScripting.YamlDotNet.dll
Symbol file LoadedFromMemory doesn't match image C:\PROJECTS\Tayer defense 3D game\Library\PackageCache\com.unity.visualscripting@1.8.0\Editor\VisualScripting.Core\Dependencies\DotNetZip\Unity.VisualScripting.IonicZip.dll
Native extension for WindowsStandalone target not found
Native extension for WebGL target not found
Refreshing native plugins compatible for Editor in 0.78 ms, found 3 plugins.
Preloading 0 native plugins for Editor in 0.00 ms.
Mono: successfully reloaded assembly
- Completed reload, in  1.759 seconds
Domain Reload Profiling:
	ReloadAssembly (1760ms)
		BeginReloadAssembly (257ms)
			ExecutionOrderSort (0ms)
			DisableScriptedObjects (11ms)
			BackupInstance (0ms)
			ReleaseScriptingObjects (0ms)
			CreateAndSetChildDomain (55ms)
		EndReloadAssembly (1328ms)
			LoadAssemblies (177ms)
			RebuildTransferFunctionScriptingTraits (0ms)
			SetupTypeCache (499ms)
			ReleaseScriptCaches (1ms)
			RebuildScriptCaches (83ms)
			SetupLoadedEditorAssemblies (534ms)
				LogAssemblyErrors (0ms)
				InitializePlatformSupportModulesInManaged (11ms)
				SetLoadedEditorAssemblies (1ms)
				RefreshPlugins (1ms)
				BeforeProcessingInitializeOnLoad (108ms)
				ProcessInitializeOnLoadAttributes (369ms)
				ProcessInitializeOnLoadMethodAttributes (36ms)
				AfterProcessingInitializeOnLoad (9ms)
				EditorAssembliesLoaded (0ms)
			ExecutionOrderSort2 (0ms)
			AwakeInstancesAfterBackupRestoration (12ms)
Platform modules already initialized, skipping
Refreshing native plugins compatible for Editor in 2.40 ms, found 3 plugins.
Preloading 0 native plugins for Editor in 0.00 ms.
Unloading 3049 Unused Serialized files (Serialized files now loaded: 0)
Unloading 15 unused Assets / (24.5 KB). Loaded Objects now: 3545.
Memory consumption went from 114.3 MB to 114.2 MB.
Total: 3.897300 ms (FindLiveObjects: 0.322100 ms CreateObjectMapping: 0.190900 ms MarkObjects: 3.349900 ms  DeleteObjects: 0.033200 ms)

AssetImportParameters requested are different than current active one (requested -> active):
  custom:video-decoder-ogg-theora: a1e56fd34408186e4bbccfd4996cb3dc -> 
  custom:container-muxer-webm: aa71ff27fc2769a1b78a27578f13a17b -> 
  custom:container-demuxer-webm: 4f35f7cbe854078d1ac9338744f61a02 -> 
  custom:video-encoder-webm-vp8: eb34c28f22e8b96e1ab97ce403110664 -> 
  custom:audio-encoder-webm-vorbis: bf7c407c2cedff20999df2af8eb42d56 -> 
  custom:framework-win-MediaFoundation: 216162199b28c13a410421893ffa2e32 -> 
  custom:container-demuxer-ogg: 62fdf1f143b41e24485cea50d1cbac27 -> 
  custom:video-decoder-webm-vp8: 9c59270c3fd7afecdb556c50c9e8de78 -> 
  custom:audio-decoder-ogg-vorbis: bf7c407c2cedff20999df2af8eb42d56 -> 
========================================================================
Received Import Request.
  Time since last request: 192209.682001 seconds.
  path: Assets/PREFABS/Bank.prefab
  artifactKey: Guid(b2fd6dbe85828a64992bd3fae398857c) Importer(815301076,1909f56bfc062723c751e8b465ee728b)
Start importing Assets/PREFABS/Bank.prefab using Guid(b2fd6dbe85828a64992bd3fae398857c) Importer(815301076,1909f56bfc062723c751e8b465ee728b)  -> (artifact id: '3bfd93bcf8cbea2d90b9ff9bdd2a4c17') in 0.101259 seconds 
========================================================================
Received Import Request.
  Time since last request: 3.913367 seconds.
  path: Assets/PREFABS/ObjectPool.prefab
  artifactKey: Guid(956f5e26145c8d14f9f7d2c49ebc25ff) Importer(815301076,1909f56bfc062723c751e8b465ee728b)
Start importing Assets/PREFABS/ObjectPool.prefab using Guid(956f5e26145c8d14f9f7d2c49ebc25ff) Importer(815301076,1909f56bfc062723c751e8b465ee728b)  -> (artifact id: 'bac862e5c1baf33e2f7237361a5f24d8') in 0.018791 seconds 
========================================================================
Received Prepare
Registering precompiled user dll's ...
Registered in 0.007371 seconds.
Begin MonoManager ReloadAssembly
Symbol file LoadedFromMemory doesn't match image C:\PROJECTS\Tayer defense 3D game\Library\PackageCache\com.unity.visualscripting@1.8.0\Editor\VisualScripting.Core\Dependencies\YamlDotNet\Unity.VisualScripting.YamlDotNet.dll
Symbol file LoadedFromMemory doesn't match image C:\PROJECTS\Tayer defense 3D game\Library\PackageCache\com.unity.visualscripting@1.8.0\Editor\VisualScripting.Core\Dependencies\DotNetZip\Unity.VisualScripting.IonicZip.dll
Native extension for WindowsStandalone target not found
Native extension for WebGL target not found
Refreshing native plugins compatible for Editor in 0.74 ms, found 3 plugins.
Preloading 0 native plugins for Editor in 0.00 ms.
Mono: successfully reloaded assembly
- Completed reload, in  1.877 seconds
Domain Reload Profiling:
	ReloadAssembly (1879ms)
		BeginReloadAssembly (230ms)
			ExecutionOrderSort (0ms)
			DisableScriptedObjects (10ms)
			BackupInstance (0ms)
			ReleaseScriptingObjects (0ms)
			CreateAndSetChildDomain (54ms)
		EndReloadAssembly (1481ms)
			LoadAssemblies (152ms)
			RebuildTransferFunctionScriptingTraits (0ms)
			SetupTypeCache (521ms)
			ReleaseScriptCaches (2ms)
			RebuildScriptCaches (83ms)
			SetupLoadedEditorAssemblies (635ms)
				LogAssemblyErrors (0ms)
				InitializePlatformSupportModulesInManaged (15ms)
				SetLoadedEditorAssemblies (1ms)
				RefreshPlugins (1ms)
				BeforeProcessingInitializeOnLoad (128ms)
				ProcessInitializeOnLoadAttributes (440ms)
				ProcessInitializeOnLoadMethodAttributes (43ms)
				AfterProcessingInitializeOnLoad (7ms)
				EditorAssembliesLoaded (0ms)
			ExecutionOrderSort2 (0ms)
			AwakeInstancesAfterBackupRestoration (12ms)
Platform modules already initialized, skipping
Refreshing native plugins compatible for Editor in 3.04 ms, found 3 plugins.
Preloading 0 native plugins for Editor in 0.00 ms.
Unloading 3049 Unused Serialized files (Serialized files now loaded: 0)
Unloading 15 unused Assets / (24.7 KB). Loaded Objects now: 3549.
Memory consumption went from 114.3 MB to 114.3 MB.
Total: 6.518800 ms (FindLiveObjects: 0.364900 ms CreateObjectMapping: 0.378700 ms MarkObjects: 5.739300 ms  DeleteObjects: 0.034400 ms)

AssetImportParameters requested are different than current active one (requested -> active):
  custom:video-decoder-ogg-theora: a1e56fd34408186e4bbccfd4996cb3dc -> 
  custom:container-muxer-webm: aa71ff27fc2769a1b78a27578f13a17b -> 
  custom:container-demuxer-webm: 4f35f7cbe854078d1ac9338744f61a02 -> 
  custom:video-encoder-webm-vp8: eb34c28f22e8b96e1ab97ce403110664 -> 
  custom:audio-encoder-webm-vorbis: bf7c407c2cedff20999df2af8eb42d56 -> 
  custom:framework-win-MediaFoundation: 216162199b28c13a410421893ffa2e32 -> 
  custom:container-demuxer-ogg: 62fdf1f143b41e24485cea50d1cbac27 -> 
  custom:video-decoder-webm-vp8: 9c59270c3fd7afecdb556c50c9e8de78 -> 
  custom:audio-decoder-ogg-vorbis: bf7c407c2cedff20999df2af8eb42d56 -> 
========================================================================
Received Import Request.
  Time since last request: 429.745588 seconds.
  path: Assets/PREFABS/GROUNDS/Grid.prefab
  artifactKey: Guid(bb50b77ea23b7c646bf71928787efe57) Importer(815301076,1909f56bfc062723c751e8b465ee728b)
Start importing Assets/PREFABS/GROUNDS/Grid.prefab using Guid(bb50b77ea23b7c646bf71928787efe57) Importer(815301076,1909f56bfc062723c751e8b465ee728b)  -> (artifact id: '28763c55d75b75ea2f4bb6602d5e85f3') in 0.292581 seconds 
========================================================================
Received Import Request.
  Time since last request: 0.000047 seconds.
  path: Assets/PREFABS/GROUNDS/GridCorner180.prefab
  artifactKey: Guid(c09770ee514333747b0ddd74e1c67127) Importer(815301076,1909f56bfc062723c751e8b465ee728b)
Start importing Assets/PREFABS/GROUNDS/GridCorner180.prefab using Guid(c09770ee514333747b0ddd74e1c67127) Importer(815301076,1909f56bfc062723c751e8b465ee728b)  -> (artifact id: '01464d79789ccd63f9e6ecc50871e092') in 0.053567 seconds 
========================================================================
Received Import Request.
  Time since last request: 0.000053 seconds.
  path: Assets/PREFABS/GROUNDS/GridRoad.prefab
  artifactKey: Guid(cd3488b3dd5c7204893e8746ece3247d) Importer(815301076,1909f56bfc062723c751e8b465ee728b)
Start importing Assets/PREFABS/GROUNDS/GridRoad.prefab using Guid(cd3488b3dd5c7204893e8746ece3247d) Importer(815301076,1909f56bfc062723c751e8b465ee728b)  -> (artifact id: '116fdcf855035bcf73a3230c2c9824a5') in 0.042355 seconds 
========================================================================
Received Import Request.
  Time since last request: 0.000035 seconds.
  path: Assets/PREFABS/GROUNDS/GridCorner90.prefab
  artifactKey: Guid(8a91255c323d2e24ea4981622e73e1db) Importer(815301076,1909f56bfc062723c751e8b465ee728b)
Start importing Assets/PREFABS/GROUNDS/GridCorner90.prefab using Guid(8a91255c323d2e24ea4981622e73e1db) Importer(815301076,1909f56bfc062723c751e8b465ee728b)  -> (artifact id: '28c90fa75e52454289482ef49d2bc670') in 0.041931 seconds 
========================================================================
Received Prepare
Registering precompiled user dll's ...
Registered in 0.006054 seconds.
Begin MonoManager ReloadAssembly
Symbol file LoadedFromMemory doesn't match image C:\PROJECTS\Tayer defense 3D game\Library\PackageCache\com.unity.visualscripting@1.8.0\Editor\VisualScripting.Core\Dependencies\YamlDotNet\Unity.VisualScripting.YamlDotNet.dll
Symbol file LoadedFromMemory doesn't match image C:\PROJECTS\Tayer defense 3D game\Library\PackageCache\com.unity.visualscripting@1.8.0\Editor\VisualScripting.Core\Dependencies\DotNetZip\Unity.VisualScripting.IonicZip.dll
Native extension for WindowsStandalone target not found
Native extension for WebGL target not found
Refreshing native plugins compatible for Editor in 0.85 ms, found 3 plugins.
Preloading 0 native plugins for Editor in 0.00 ms.
Mono: successfully reloaded assembly
- Completed reload, in  1.895 seconds
Domain Reload Profiling:
	ReloadAssembly (1896ms)
		BeginReloadAssembly (250ms)
			ExecutionOrderSort (0ms)
			DisableScriptedObjects (14ms)
			BackupInstance (0ms)
			ReleaseScriptingObjects (0ms)
			CreateAndSetChildDomain (61ms)
		EndReloadAssembly (1463ms)
			LoadAssemblies (155ms)
			RebuildTransferFunctionScriptingTraits (0ms)
			SetupTypeCache (527ms)
			ReleaseScriptCaches (2ms)
			RebuildScriptCaches (83ms)
			SetupLoadedEditorAssemblies (622ms)
				LogAssemblyErrors (0ms)
				InitializePlatformSupportModulesInManaged (13ms)
				SetLoadedEditorAssemblies (1ms)
				RefreshPlugins (1ms)
				BeforeProcessingInitializeOnLoad (126ms)
				ProcessInitializeOnLoadAttributes (435ms)
				ProcessInitializeOnLoadMethodAttributes (37ms)
				AfterProcessingInitializeOnLoad (8ms)
				EditorAssembliesLoaded (0ms)
			ExecutionOrderSort2 (0ms)
			AwakeInstancesAfterBackupRestoration (12ms)
Platform modules already initialized, skipping
Refreshing native plugins compatible for Editor in 2.39 ms, found 3 plugins.
Preloading 0 native plugins for Editor in 0.00 ms.
Unloading 3049 Unused Serialized files (Serialized files now loaded: 0)
Unloading 16 unused Assets / (25.3 KB). Loaded Objects now: 3560.
Memory consumption went from 118.8 MB to 118.7 MB.
Total: 4.726000 ms (FindLiveObjects: 0.346000 ms CreateObjectMapping: 0.231600 ms MarkObjects: 4.113800 ms  DeleteObjects: 0.033200 ms)

AssetImportParameters requested are different than current active one (requested -> active):
  custom:video-decoder-ogg-theora: a1e56fd34408186e4bbccfd4996cb3dc -> 
  custom:container-muxer-webm: aa71ff27fc2769a1b78a27578f13a17b -> 
  custom:container-demuxer-webm: 4f35f7cbe854078d1ac9338744f61a02 -> 
  custom:video-encoder-webm-vp8: eb34c28f22e8b96e1ab97ce403110664 -> 
  custom:audio-encoder-webm-vorbis: bf7c407c2cedff20999df2af8eb42d56 -> 
  custom:framework-win-MediaFoundation: 216162199b28c13a410421893ffa2e32 -> 
  custom:container-demuxer-ogg: 62fdf1f143b41e24485cea50d1cbac27 -> 
  custom:video-decoder-webm-vp8: 9c59270c3fd7afecdb556c50c9e8de78 -> 
  custom:audio-decoder-ogg-vorbis: bf7c407c2cedff20999df2af8eb42d56 -> 
========================================================================
Received Import Request.
  Time since last request: 480.140167 seconds.
  path: Assets/PREFABS/GROUNDS/Grid.prefab
  artifactKey: Guid(bb50b77ea23b7c646bf71928787efe57) Importer(815301076,1909f56bfc062723c751e8b465ee728b)
Start importing Assets/PREFABS/GROUNDS/Grid.prefab using Guid(bb50b77ea23b7c646bf71928787efe57) Importer(815301076,1909f56bfc062723c751e8b465ee728b)  -> (artifact id: '28763c55d75b75ea2f4bb6602d5e85f3') in 0.228707 seconds 
========================================================================
Received Import Request.
  Time since last request: 0.000036 seconds.
  path: Assets/PREFABS/GROUNDS/GridRoad90.prefab
  artifactKey: Guid(a05d8370a1f54f54aa6145c0951bc9a5) Importer(815301076,1909f56bfc062723c751e8b465ee728b)
Start importing Assets/PREFABS/GROUNDS/GridRoad90.prefab using Guid(a05d8370a1f54f54aa6145c0951bc9a5) Importer(815301076,1909f56bfc062723c751e8b465ee728b)  -> (artifact id: 'a3f32f4dac660622f4ebb620deda3ecc') in 0.034265 seconds 
========================================================================
Received Import Request.
  Time since last request: 0.000041 seconds.
  path: Assets/PREFABS/GROUNDS/GridCorner270.prefab
  artifactKey: Guid(d5e82a472d9953a40883b7de1ba7d4f4) Importer(815301076,1909f56bfc062723c751e8b465ee728b)
Start importing Assets/PREFABS/GROUNDS/GridCorner270.prefab using Guid(d5e82a472d9953a40883b7de1ba7d4f4) Importer(815301076,1909f56bfc062723c751e8b465ee728b)  -> (artifact id: 'e31265fd7f3fc15558dc457ddb63a095') in 0.029889 seconds 
========================================================================
Received Prepare
Registering precompiled user dll's ...
Registered in 0.004973 seconds.
Begin MonoManager ReloadAssembly
Symbol file LoadedFromMemory doesn't match image C:\PROJECTS\Tayer defense 3D game\Library\PackageCache\com.unity.visualscripting@1.8.0\Editor\VisualScripting.Core\Dependencies\YamlDotNet\Unity.VisualScripting.YamlDotNet.dll
Symbol file LoadedFromMemory doesn't match image C:\PROJECTS\Tayer defense 3D game\Library\PackageCache\com.unity.visualscripting@1.8.0\Editor\VisualScripting.Core\Dependencies\DotNetZip\Unity.VisualScripting.IonicZip.dll
Native extension for WindowsStandalone target not found
Native extension for WebGL target not found
Refreshing native plugins compatible for Editor in 0.71 ms, found 3 plugins.
Preloading 0 native plugins for Editor in 0.00 ms.
Mono: successfully reloaded assembly
- Completed reload, in  1.793 seconds
Domain Reload Profiling:
	ReloadAssembly (1794ms)
		BeginReloadAssembly (238ms)
			ExecutionOrderSort (0ms)
			DisableScriptedObjects (10ms)
			BackupInstance (0ms)
			ReleaseScriptingObjects (0ms)
			CreateAndSetChildDomain (56ms)
		EndReloadAssembly (1382ms)
			LoadAssemblies (160ms)
			RebuildTransferFunctionScriptingTraits (0ms)
			SetupTypeCache (549ms)
			ReleaseScriptCaches (2ms)
			RebuildScriptCaches (77ms)
			SetupLoadedEditorAssemblies (549ms)
				LogAssemblyErrors (0ms)
				InitializePlatformSupportModulesInManaged (10ms)
				SetLoadedEditorAssemblies (1ms)
				RefreshPlugins (1ms)
				BeforeProcessingInitializeOnLoad (110ms)
				ProcessInitializeOnLoadAttributes (385ms)
				ProcessInitializeOnLoadMethodAttributes (36ms)
				AfterProcessingInitializeOnLoad (5ms)
				EditorAssembliesLoaded (0ms)
			ExecutionOrderSort2 (0ms)
			AwakeInstancesAfterBackupRestoration (10ms)
Platform modules already initialized, skipping
Refreshing native plugins compatible for Editor in 2.07 ms, found 3 plugins.
Preloading 0 native plugins for Editor in 0.00 ms.
Unloading 3049 Unused Serialized files (Serialized files now loaded: 0)
Unloading 16 unused Assets / (25.3 KB). Loaded Objects now: 3563.
Memory consumption went from 118.8 MB to 118.8 MB.
Total: 4.055700 ms (FindLiveObjects: 0.337700 ms CreateObjectMapping: 0.224800 ms MarkObjects: 3.462700 ms  DeleteObjects: 0.029600 ms)

AssetImportParameters requested are different than current active one (requested -> active):
  custom:video-decoder-ogg-theora: a1e56fd34408186e4bbccfd4996cb3dc -> 
  custom:container-muxer-webm: aa71ff27fc2769a1b78a27578f13a17b -> 
  custom:container-demuxer-webm: 4f35f7cbe854078d1ac9338744f61a02 -> 
  custom:video-encoder-webm-vp8: eb34c28f22e8b96e1ab97ce403110664 -> 
  custom:audio-encoder-webm-vorbis: bf7c407c2cedff20999df2af8eb42d56 -> 
  custom:framework-win-MediaFoundation: 216162199b28c13a410421893ffa2e32 -> 
  custom:container-demuxer-ogg: 62fdf1f143b41e24485cea50d1cbac27 -> 
  custom:video-decoder-webm-vp8: 9c59270c3fd7afecdb556c50c9e8de78 -> 
  custom:audio-decoder-ogg-vorbis: bf7c407c2cedff20999df2af8eb42d56 -> 
========================================================================
Received Import Request.
  Time since last request: 9.212589 seconds.
  path: Assets/PREFABS/GROUNDS/GridCorner.prefab
  artifactKey: Guid(b78f6a478bdca234484e9d36902a3a29) Importer(815301076,1909f56bfc062723c751e8b465ee728b)
Start importing Assets/PREFABS/GROUNDS/GridCorner.prefab using Guid(b78f6a478bdca234484e9d36902a3a29) Importer(815301076,1909f56bfc062723c751e8b465ee728b)  -> (artifact id: '6580b77f62c4cdee6e23cb0259c7082b') in 0.189208 seconds 
========================================================================
Received Import Request.
  Time since last request: 39.190178 seconds.
  path: Assets/PREFABS/GROUNDS/Grid.prefab
  artifactKey: Guid(bb50b77ea23b7c646bf71928787efe57) Importer(815301076,1909f56bfc062723c751e8b465ee728b)
Start importing Assets/PREFABS/GROUNDS/Grid.prefab using Guid(bb50b77ea23b7c646bf71928787efe57) Importer(815301076,1909f56bfc062723c751e8b465ee728b)  -> (artifact id: 'a3e12752cc81e396a58ae2cc5c130ea0') in 0.028786 seconds 
========================================================================
Received Import Request.
  Time since last request: 0.000029 seconds.
  path: Assets/PREFABS/GROUNDS/GridCorner180.prefab
  artifactKey: Guid(c09770ee514333747b0ddd74e1c67127) Importer(815301076,1909f56bfc062723c751e8b465ee728b)
Start importing Assets/PREFABS/GROUNDS/GridCorner180.prefab using Guid(c09770ee514333747b0ddd74e1c67127) Importer(815301076,1909f56bfc062723c751e8b465ee728b)  -> (artifact id: '2a49968948c1835ed18a822818efd14b') in 0.030212 seconds 
========================================================================
Received Import Request.
  Time since last request: 0.000033 seconds.
  path: Assets/PREFABS/GROUNDS/GridRoad.prefab
  artifactKey: Guid(cd3488b3dd5c7204893e8746ece3247d) Importer(815301076,1909f56bfc062723c751e8b465ee728b)
Start importing Assets/PREFABS/GROUNDS/GridRoad.prefab using Guid(cd3488b3dd5c7204893e8746ece3247d) Importer(815301076,1909f56bfc062723c751e8b465ee728b)  -> (artifact id: '7104e13668ee4eae0aca91a67c7a6729') in 0.029207 seconds 
========================================================================
Received Import Request.
  Time since last request: 0.000028 seconds.
  path: Assets/PREFABS/GROUNDS/GridCorner90.prefab
  artifactKey: Guid(8a91255c323d2e24ea4981622e73e1db) Importer(815301076,1909f56bfc062723c751e8b465ee728b)
Start importing Assets/PREFABS/GROUNDS/GridCorner90.prefab using Guid(8a91255c323d2e24ea4981622e73e1db) Importer(815301076,1909f56bfc062723c751e8b465ee728b)  -> (artifact id: '316ff47f93e706991037262d654dd306') in 0.030818 seconds 
========================================================================
Received Prepare
Registering precompiled user dll's ...
Registered in 0.004902 seconds.
Begin MonoManager ReloadAssembly
Symbol file LoadedFromMemory doesn't match image C:\PROJECTS\Tayer defense 3D game\Library\PackageCache\com.unity.visualscripting@1.8.0\Editor\VisualScripting.Core\Dependencies\YamlDotNet\Unity.VisualScripting.YamlDotNet.dll
Symbol file LoadedFromMemory doesn't match image C:\PROJECTS\Tayer defense 3D game\Library\PackageCache\com.unity.visualscripting@1.8.0\Editor\VisualScripting.Core\Dependencies\DotNetZip\Unity.VisualScripting.IonicZip.dll
Native extension for WindowsStandalone target not found
Native extension for WebGL target not found
Refreshing native plugins compatible for Editor in 0.69 ms, found 3 plugins.
Preloading 0 native plugins for Editor in 0.00 ms.
Mono: successfully reloaded assembly
- Completed reload, in  2.217 seconds
Domain Reload Profiling:
	ReloadAssembly (2218ms)
		BeginReloadAssembly (268ms)
			ExecutionOrderSort (0ms)
			DisableScriptedObjects (10ms)
			BackupInstance (0ms)
			ReleaseScriptingObjects (0ms)
			CreateAndSetChildDomain (70ms)
		EndReloadAssembly (1765ms)
			LoadAssemblies (234ms)
			RebuildTransferFunctionScriptingTraits (0ms)
			SetupTypeCache (771ms)
			ReleaseScriptCaches (2ms)
			RebuildScriptCaches (93ms)
			SetupLoadedEditorAssemblies (592ms)
				LogAssemblyErrors (0ms)
				InitializePlatformSupportModulesInManaged (11ms)
				SetLoadedEditorAssemblies (1ms)
				RefreshPlugins (1ms)
				BeforeProcessingInitializeOnLoad (124ms)
				ProcessInitializeOnLoadAttributes (411ms)
				ProcessInitializeOnLoadMethodAttributes (36ms)
				AfterProcessingInitializeOnLoad (7ms)
				EditorAssembliesLoaded (0ms)
			ExecutionOrderSort2 (0ms)
			AwakeInstancesAfterBackupRestoration (13ms)
Platform modules already initialized, skipping
Refreshing native plugins compatible for Editor in 3.30 ms, found 3 plugins.
Preloading 0 native plugins for Editor in 0.00 ms.
Unloading 3049 Unused Serialized files (Serialized files now loaded: 0)
Unloading 16 unused Assets / (25.4 KB). Loaded Objects now: 3566.
Memory consumption went from 118.8 MB to 118.8 MB.
Total: 3.777800 ms (FindLiveObjects: 0.324700 ms CreateObjectMapping: 0.209100 ms MarkObjects: 3.213400 ms  DeleteObjects: 0.029300 ms)

AssetImportParameters requested are different than current active one (requested -> active):
  custom:video-decoder-ogg-theora: a1e56fd34408186e4bbccfd4996cb3dc -> 
  custom:container-muxer-webm: aa71ff27fc2769a1b78a27578f13a17b -> 
  custom:container-demuxer-webm: 4f35f7cbe854078d1ac9338744f61a02 -> 
  custom:video-encoder-webm-vp8: eb34c28f22e8b96e1ab97ce403110664 -> 
  custom:audio-encoder-webm-vorbis: bf7c407c2cedff20999df2af8eb42d56 -> 
  custom:framework-win-MediaFoundation: 216162199b28c13a410421893ffa2e32 -> 
  custom:container-demuxer-ogg: 62fdf1f143b41e24485cea50d1cbac27 -> 
  custom:video-decoder-webm-vp8: 9c59270c3fd7afecdb556c50c9e8de78 -> 
  custom:audio-decoder-ogg-vorbis: bf7c407c2cedff20999df2af8eb42d56 -> 
========================================================================
Received Import Request.
  Time since last request: 190.592526 seconds.
  path: Assets/PREFABS/TOWERS/Ballista.prefab
  artifactKey: Guid(ba69103009d8ffe4ba2abfff7d8f3051) Importer(815301076,1909f56bfc062723c751e8b465ee728b)
Start importing Assets/PREFABS/TOWERS/Ballista.prefab using Guid(ba69103009d8ffe4ba2abfff7d8f3051) Importer(815301076,1909f56bfc062723c751e8b465ee728b)  -> (artifact id: '608f578f10f6a112d0fb36efe70224bc') in 0.152864 seconds 
========================================================================
Received Import Request.
  Time since last request: 12.548544 seconds.
  path: Assets/PREFABS/TOWERS/Ballista.prefab
  artifactKey: Guid(ba69103009d8ffe4ba2abfff7d8f3051) Importer(815301076,1909f56bfc062723c751e8b465ee728b)
Start importing Assets/PREFABS/TOWERS/Ballista.prefab using Guid(ba69103009d8ffe4ba2abfff7d8f3051) Importer(815301076,1909f56bfc062723c751e8b465ee728b)  -> (artifact id: 'fff40a96685fe349451b910a7907bc17') in 0.016561 seconds 
========================================================================
Received Prepare
Registering precompiled user dll's ...
Registered in 0.005378 seconds.
Begin MonoManager ReloadAssembly
Symbol file LoadedFromMemory doesn't match image C:\PROJECTS\Tayer defense 3D game\Library\PackageCache\com.unity.visualscripting@1.8.0\Editor\VisualScripting.Core\Dependencies\YamlDotNet\Unity.VisualScripting.YamlDotNet.dll
Symbol file LoadedFromMemory doesn't match image C:\PROJECTS\Tayer defense 3D game\Library\PackageCache\com.unity.visualscripting@1.8.0\Editor\VisualScripting.Core\Dependencies\DotNetZip\Unity.VisualScripting.IonicZip.dll
Native extension for WindowsStandalone target not found
Native extension for WebGL target not found
Refreshing native plugins compatible for Editor in 1.25 ms, found 3 plugins.
Preloading 0 native plugins for Editor in 0.00 ms.
Mono: successfully reloaded assembly
- Completed reload, in  1.941 seconds
Domain Reload Profiling:
	ReloadAssembly (1943ms)
		BeginReloadAssembly (250ms)
			ExecutionOrderSort (0ms)
			DisableScriptedObjects (10ms)
			BackupInstance (0ms)
			ReleaseScriptingObjects (0ms)
			CreateAndSetChildDomain (55ms)
		EndReloadAssembly (1518ms)
			LoadAssemblies (178ms)
			RebuildTransferFunctionScriptingTraits (0ms)
			SetupTypeCache (534ms)
			ReleaseScriptCaches (2ms)
			RebuildScriptCaches (92ms)
			SetupLoadedEditorAssemblies (645ms)
				LogAssemblyErrors (0ms)
				InitializePlatformSupportModulesInManaged (13ms)
				SetLoadedEditorAssemblies (1ms)
				RefreshPlugins (1ms)
				BeforeProcessingInitializeOnLoad (135ms)
				ProcessInitializeOnLoadAttributes (445ms)
				ProcessInitializeOnLoadMethodAttributes (43ms)
				AfterProcessingInitializeOnLoad (7ms)
				EditorAssembliesLoaded (0ms)
			ExecutionOrderSort2 (0ms)
			AwakeInstancesAfterBackupRestoration (13ms)
Platform modules already initialized, skipping
Refreshing native plugins compatible for Editor in 2.49 ms, found 3 plugins.
Preloading 0 native plugins for Editor in 0.00 ms.
Unloading 3049 Unused Serialized files (Serialized files now loaded: 0)
Unloading 16 unused Assets / (25.6 KB). Loaded Objects now: 3569.
Memory consumption went from 118.8 MB to 118.8 MB.
Total: 5.076100 ms (FindLiveObjects: 0.411100 ms CreateObjectMapping: 0.394800 ms MarkObjects: 4.229600 ms  DeleteObjects: 0.039400 ms)

AssetImportParameters requested are different than current active one (requested -> active):
  custom:video-decoder-ogg-theora: a1e56fd34408186e4bbccfd4996cb3dc -> 
  custom:container-muxer-webm: aa71ff27fc2769a1b78a27578f13a17b -> 
  custom:container-demuxer-webm: 4f35f7cbe854078d1ac9338744f61a02 -> 
  custom:video-encoder-webm-vp8: eb34c28f22e8b96e1ab97ce403110664 -> 
  custom:audio-encoder-webm-vorbis: bf7c407c2cedff20999df2af8eb42d56 -> 
  custom:framework-win-MediaFoundation: 216162199b28c13a410421893ffa2e32 -> 
  custom:container-demuxer-ogg: 62fdf1f143b41e24485cea50d1cbac27 -> 
  custom:video-decoder-webm-vp8: 9c59270c3fd7afecdb556c50c9e8de78 -> 
  custom:audio-decoder-ogg-vorbis: bf7c407c2cedff20999df2af8eb42d56 -> 
========================================================================
Received Prepare
Registering precompiled user dll's ...
Registered in 0.006637 seconds.
Begin MonoManager ReloadAssembly
Symbol file LoadedFromMemory doesn't match image C:\PROJECTS\Tayer defense 3D game\Library\PackageCache\com.unity.visualscripting@1.8.0\Editor\VisualScripting.Core\Dependencies\YamlDotNet\Unity.VisualScripting.YamlDotNet.dll
Symbol file LoadedFromMemory doesn't match image C:\PROJECTS\Tayer defense 3D game\Library\PackageCache\com.unity.visualscripting@1.8.0\Editor\VisualScripting.Core\Dependencies\DotNetZip\Unity.VisualScripting.IonicZip.dll
Native extension for WindowsStandalone target not found
Native extension for WebGL target not found
Refreshing native plugins compatible for Editor in 1.04 ms, found 3 plugins.
Preloading 0 native plugins for Editor in 0.00 ms.
Mono: successfully reloaded assembly
- Completed reload, in  2.007 seconds
Domain Reload Profiling:
	ReloadAssembly (2008ms)
		BeginReloadAssembly (274ms)
			ExecutionOrderSort (0ms)
			DisableScriptedObjects (16ms)
			BackupInstance (0ms)
			ReleaseScriptingObjects (0ms)
			CreateAndSetChildDomain (68ms)
		EndReloadAssembly (1528ms)
			LoadAssemblies (169ms)
			RebuildTransferFunctionScriptingTraits (0ms)
			SetupTypeCache (567ms)
			ReleaseScriptCaches (2ms)
			RebuildScriptCaches (86ms)
			SetupLoadedEditorAssemblies (635ms)
				LogAssemblyErrors (0ms)
				InitializePlatformSupportModulesInManaged (15ms)
				SetLoadedEditorAssemblies (1ms)
				RefreshPlugins (1ms)
				BeforeProcessingInitializeOnLoad (131ms)
				ProcessInitializeOnLoadAttributes (439ms)
				ProcessInitializeOnLoadMethodAttributes (41ms)
				AfterProcessingInitializeOnLoad (7ms)
				EditorAssembliesLoaded (0ms)
			ExecutionOrderSort2 (0ms)
			AwakeInstancesAfterBackupRestoration (12ms)
Platform modules already initialized, skipping
Refreshing native plugins compatible for Editor in 2.68 ms, found 3 plugins.
Preloading 0 native plugins for Editor in 0.00 ms.
Unloading 3049 Unused Serialized files (Serialized files now loaded: 0)
Unloading 15 unused Assets / (24.7 KB). Loaded Objects now: 3572.
Memory consumption went from 118.8 MB to 118.8 MB.
Total: 4.819500 ms (FindLiveObjects: 0.417900 ms CreateObjectMapping: 0.294800 ms MarkObjects: 4.066400 ms  DeleteObjects: 0.038600 ms)

AssetImportParameters requested are different than current active one (requested -> active):
  custom:video-decoder-ogg-theora: a1e56fd34408186e4bbccfd4996cb3dc -> 
  custom:container-muxer-webm: aa71ff27fc2769a1b78a27578f13a17b -> 
  custom:container-demuxer-webm: 4f35f7cbe854078d1ac9338744f61a02 -> 
  custom:video-encoder-webm-vp8: eb34c28f22e8b96e1ab97ce403110664 -> 
  custom:audio-encoder-webm-vorbis: bf7c407c2cedff20999df2af8eb42d56 -> 
  custom:framework-win-MediaFoundation: 216162199b28c13a410421893ffa2e32 -> 
  custom:container-demuxer-ogg: 62fdf1f143b41e24485cea50d1cbac27 -> 
  custom:video-decoder-webm-vp8: 9c59270c3fd7afecdb556c50c9e8de78 -> 
  custom:audio-decoder-ogg-vorbis: bf7c407c2cedff20999df2af8eb42d56 -> 
========================================================================
Received Prepare
Registering precompiled user dll's ...
Registered in 0.005271 seconds.
Begin MonoManager ReloadAssembly
Symbol file LoadedFromMemory doesn't match image C:\PROJECTS\Tayer defense 3D game\Library\PackageCache\com.unity.visualscripting@1.8.0\Editor\VisualScripting.Core\Dependencies\YamlDotNet\Unity.VisualScripting.YamlDotNet.dll
Symbol file LoadedFromMemory doesn't match image C:\PROJECTS\Tayer defense 3D game\Library\PackageCache\com.unity.visualscripting@1.8.0\Editor\VisualScripting.Core\Dependencies\DotNetZip\Unity.VisualScripting.IonicZip.dll
Native extension for WindowsStandalone target not found
Native extension for WebGL target not found
Refreshing native plugins compatible for Editor in 1.06 ms, found 3 plugins.
Preloading 0 native plugins for Editor in 0.00 ms.
Mono: successfully reloaded assembly
- Completed reload, in  2.068 seconds
Domain Reload Profiling:
	ReloadAssembly (2070ms)
		BeginReloadAssembly (293ms)
			ExecutionOrderSort (0ms)
			DisableScriptedObjects (14ms)
			BackupInstance (0ms)
			ReleaseScriptingObjects (0ms)
			CreateAndSetChildDomain (61ms)
		EndReloadAssembly (1544ms)
			LoadAssemblies (202ms)
			RebuildTransferFunctionScriptingTraits (0ms)
			SetupTypeCache (582ms)
			ReleaseScriptCaches (3ms)
			RebuildScriptCaches (100ms)
			SetupLoadedEditorAssemblies (619ms)
				LogAssemblyErrors (0ms)
				InitializePlatformSupportModulesInManaged (13ms)
				SetLoadedEditorAssemblies (1ms)
				RefreshPlugins (1ms)
				BeforeProcessingInitializeOnLoad (125ms)
				ProcessInitializeOnLoadAttributes (429ms)
				ProcessInitializeOnLoadMethodAttributes (43ms)
				AfterProcessingInitializeOnLoad (7ms)
				EditorAssembliesLoaded (0ms)
			ExecutionOrderSort2 (0ms)
			AwakeInstancesAfterBackupRestoration (12ms)
Platform modules already initialized, skipping
Refreshing native plugins compatible for Editor in 3.14 ms, found 3 plugins.
Preloading 0 native plugins for Editor in 0.00 ms.
Unloading 3049 Unused Serialized files (Serialized files now loaded: 0)
Unloading 15 unused Assets / (24.6 KB). Loaded Objects now: 3575.
Memory consumption went from 118.8 MB to 118.8 MB.
Total: 4.608000 ms (FindLiveObjects: 0.333000 ms CreateObjectMapping: 0.219600 ms MarkObjects: 4.014000 ms  DeleteObjects: 0.040000 ms)

AssetImportParameters requested are different than current active one (requested -> active):
  custom:video-decoder-ogg-theora: a1e56fd34408186e4bbccfd4996cb3dc -> 
  custom:container-muxer-webm: aa71ff27fc2769a1b78a27578f13a17b -> 
  custom:container-demuxer-webm: 4f35f7cbe854078d1ac9338744f61a02 -> 
  custom:video-encoder-webm-vp8: eb34c28f22e8b96e1ab97ce403110664 -> 
  custom:audio-encoder-webm-vorbis: bf7c407c2cedff20999df2af8eb42d56 -> 
  custom:framework-win-MediaFoundation: 216162199b28c13a410421893ffa2e32 -> 
  custom:container-demuxer-ogg: 62fdf1f143b41e24485cea50d1cbac27 -> 
  custom:video-decoder-webm-vp8: 9c59270c3fd7afecdb556c50c9e8de78 -> 
  custom:audio-decoder-ogg-vorbis: bf7c407c2cedff20999df2af8eb42d56 -> 
========================================================================
Received Prepare
Registering precompiled user dll's ...
Registered in 0.006034 seconds.
Begin MonoManager ReloadAssembly
Symbol file LoadedFromMemory doesn't match image C:\PROJECTS\Tayer defense 3D game\Library\PackageCache\com.unity.visualscripting@1.8.0\Editor\VisualScripting.Core\Dependencies\YamlDotNet\Unity.VisualScripting.YamlDotNet.dll
Symbol file LoadedFromMemory doesn't match image C:\PROJECTS\Tayer defense 3D game\Library\PackageCache\com.unity.visualscripting@1.8.0\Editor\VisualScripting.Core\Dependencies\DotNetZip\Unity.VisualScripting.IonicZip.dll
Native extension for WindowsStandalone target not found
Native extension for WebGL target not found
Refreshing native plugins compatible for Editor in 0.71 ms, found 3 plugins.
Preloading 0 native plugins for Editor in 0.00 ms.
Mono: successfully reloaded assembly
- Completed reload, in  2.031 seconds
Domain Reload Profiling:
	ReloadAssembly (2032ms)
		BeginReloadAssembly (240ms)
			ExecutionOrderSort (0ms)
			DisableScriptedObjects (12ms)
			BackupInstance (0ms)
			ReleaseScriptingObjects (0ms)
			CreateAndSetChildDomain (54ms)
		EndReloadAssembly (1619ms)
			LoadAssemblies (158ms)
			RebuildTransferFunctionScriptingTraits (0ms)
			SetupTypeCache (523ms)
			ReleaseScriptCaches (2ms)
			RebuildScriptCaches (93ms)
			SetupLoadedEditorAssemblies (780ms)
				LogAssemblyErrors (0ms)
				InitializePlatformSupportModulesInManaged (12ms)
				SetLoadedEditorAssemblies (1ms)
				RefreshPlugins (1ms)
				BeforeProcessingInitializeOnLoad (126ms)
				ProcessInitializeOnLoadAttributes (591ms)
				ProcessInitializeOnLoadMethodAttributes (43ms)
				AfterProcessingInitializeOnLoad (6ms)
				EditorAssembliesLoaded (0ms)
			ExecutionOrderSort2 (0ms)
			AwakeInstancesAfterBackupRestoration (12ms)
Platform modules already initialized, skipping
Refreshing native plugins compatible for Editor in 2.05 ms, found 3 plugins.
Preloading 0 native plugins for Editor in 0.00 ms.
Unloading 3049 Unused Serialized files (Serialized files now loaded: 0)
Unloading 15 unused Assets / (24.7 KB). Loaded Objects now: 3578.
Memory consumption went from 118.8 MB to 118.8 MB.
Total: 4.911700 ms (FindLiveObjects: 0.358500 ms CreateObjectMapping: 0.275900 ms MarkObjects: 4.241000 ms  DeleteObjects: 0.035000 ms)

AssetImportParameters requested are different than current active one (requested -> active):
  custom:video-decoder-ogg-theora: a1e56fd34408186e4bbccfd4996cb3dc -> 
  custom:container-muxer-webm: aa71ff27fc2769a1b78a27578f13a17b -> 
  custom:container-demuxer-webm: 4f35f7cbe854078d1ac9338744f61a02 -> 
  custom:video-encoder-webm-vp8: eb34c28f22e8b96e1ab97ce403110664 -> 
  custom:audio-encoder-webm-vorbis: bf7c407c2cedff20999df2af8eb42d56 -> 
  custom:framework-win-MediaFoundation: 216162199b28c13a410421893ffa2e32 -> 
  custom:container-demuxer-ogg: 62fdf1f143b41e24485cea50d1cbac27 -> 
  custom:video-decoder-webm-vp8: 9c59270c3fd7afecdb556c50c9e8de78 -> 
  custom:audio-decoder-ogg-vorbis: bf7c407c2cedff20999df2af8eb42d56 -> 
========================================================================
Received Import Request.
  Time since last request: 1092.382503 seconds.
  path: Assets/PREFABS/GROUNDS/Grid.prefab
  artifactKey: Guid(bb50b77ea23b7c646bf71928787efe57) Importer(815301076,1909f56bfc062723c751e8b465ee728b)
Start importing Assets/PREFABS/GROUNDS/Grid.prefab using Guid(bb50b77ea23b7c646bf71928787efe57) Importer(815301076,1909f56bfc062723c751e8b465ee728b)  -> (artifact id: 'c5d9a16237257b0d6174b253915da83e') in 0.214571 seconds 
========================================================================
Received Import Request.
  Time since last request: 0.000039 seconds.
  path: Assets/PREFABS/GROUNDS/GridRoad90.prefab
  artifactKey: Guid(a05d8370a1f54f54aa6145c0951bc9a5) Importer(815301076,1909f56bfc062723c751e8b465ee728b)
Start importing Assets/PREFABS/GROUNDS/GridRoad90.prefab using Guid(a05d8370a1f54f54aa6145c0951bc9a5) Importer(815301076,1909f56bfc062723c751e8b465ee728b)  -> (artifact id: '1686f6da45d6598a9e37392d404d1062') in 0.035330 seconds 
========================================================================
Received Import Request.
  Time since last request: 0.000039 seconds.
  path: Assets/PREFABS/GROUNDS/GridCorner270.prefab
  artifactKey: Guid(d5e82a472d9953a40883b7de1ba7d4f4) Importer(815301076,1909f56bfc062723c751e8b465ee728b)
Start importing Assets/PREFABS/GROUNDS/GridCorner270.prefab using Guid(d5e82a472d9953a40883b7de1ba7d4f4) Importer(815301076,1909f56bfc062723c751e8b465ee728b)  -> (artifact id: 'c2ec4bcf1df2def1fcfab0c3bdc00cab') in 0.038122 seconds 
========================================================================
Received Import Request.
  Time since last request: 22.584231 seconds.
  path: Assets/PREFABS/GROUNDS/GridWater.prefab
  artifactKey: Guid(3abe10dc09efbf14c9b520af608e64c9) Importer(815301076,1909f56bfc062723c751e8b465ee728b)
Start importing Assets/PREFABS/GROUNDS/GridWater.prefab using Guid(3abe10dc09efbf14c9b520af608e64c9) Importer(815301076,1909f56bfc062723c751e8b465ee728b)  -> (artifact id: 'a84026ab08b5b6b61761a3541bbadd73') in 0.034526 seconds 
========================================================================
Received Import Request.
  Time since last request: 14.533627 seconds.
  path: Assets/PREFABS/GROUNDS/GridWater.prefab
  artifactKey: Guid(3abe10dc09efbf14c9b520af608e64c9) Importer(815301076,1909f56bfc062723c751e8b465ee728b)
Start importing Assets/PREFABS/GROUNDS/GridWater.prefab using Guid(3abe10dc09efbf14c9b520af608e64c9) Importer(815301076,1909f56bfc062723c751e8b465ee728b)  -> (artifact id: '03e09a5dc9fc572999ad5bf1f51cc2b7') in 0.036252 seconds 
========================================================================
Received Import Request.
  Time since last request: 39.726688 seconds.
  path: Assets/PREFABS/GROUNDS/GridWater.prefab
  artifactKey: Guid(3abe10dc09efbf14c9b520af608e64c9) Importer(815301076,1909f56bfc062723c751e8b465ee728b)
Start importing Assets/PREFABS/GROUNDS/GridWater.prefab using Guid(3abe10dc09efbf14c9b520af608e64c9) Importer(815301076,1909f56bfc062723c751e8b465ee728b)  -> (artifact id: 'ff3b207c53aace6d06d9ec447b8a722c') in 0.031990 seconds 
========================================================================
Received Import Request.
  Time since last request: 14.126548 seconds.
  path: Assets/TextMesh Pro/Resources/Fonts & Materials/LiberationSans SDF - Outline.mat
  artifactKey: Guid(79459efec17a4d00a321bdcc27bbc385) Importer(815301076,1909f56bfc062723c751e8b465ee728b)
Start importing Assets/TextMesh Pro/Resources/Fonts & Materials/LiberationSans SDF - Outline.mat using Guid(79459efec17a4d00a321bdcc27bbc385) Importer(815301076,1909f56bfc062723c751e8b465ee728b)  -> (artifact id: '5766ec724e2814943baafdb5f1649c69') in 0.227828 seconds 
========================================================================
Received Import Request.
  Time since last request: 0.000034 seconds.
  path: Assets/FONTS/hominis/HOMINIS SDF.asset
  artifactKey: Guid(8799905d0a58b9f499b010cfc3bdad9f) Importer(815301076,1909f56bfc062723c751e8b465ee728b)
Start importing Assets/FONTS/hominis/HOMINIS SDF.asset using Guid(8799905d0a58b9f499b010cfc3bdad9f) Importer(815301076,1909f56bfc062723c751e8b465ee728b)  -> (artifact id: 'deca319c16491aba07a141184874c326') in 0.063329 seconds 
========================================================================
Received Import Request.
  Time since last request: 0.000046 seconds.
  path: Assets/TextMesh Pro/Resources/Fonts & Materials/LiberationSans SDF.asset
  artifactKey: Guid(8f586378b4e144a9851e7b34d9b748ee) Importer(815301076,1909f56bfc062723c751e8b465ee728b)
Start importing Assets/TextMesh Pro/Resources/Fonts & Materials/LiberationSans SDF.asset using Guid(8f586378b4e144a9851e7b34d9b748ee) Importer(815301076,1909f56bfc062723c751e8b465ee728b)  -> (artifact id: '872664cd77a05c498fce7d8b5495e5ee') in 0.080122 seconds 
========================================================================
Received Import Request.
  Time since last request: 48.830492 seconds.
  path: Assets/PREFABS/GROUNDS/GridWater.prefab
  artifactKey: Guid(3abe10dc09efbf14c9b520af608e64c9) Importer(815301076,1909f56bfc062723c751e8b465ee728b)
Start importing Assets/PREFABS/GROUNDS/GridWater.prefab using Guid(3abe10dc09efbf14c9b520af608e64c9) Importer(815301076,1909f56bfc062723c751e8b465ee728b)  -> (artifact id: '7d92be99a897cd1bdefacabe62a86d5f') in 0.034208 seconds 
========================================================================
Received Import Request.
  Time since last request: 6.968379 seconds.
  path: Assets/FONTS/alice_in_wonderland/Alice_in_Wonderland_3.ttf
  artifactKey: Guid(aab7babd8beb99546b4984d338fc0564) Importer(815301076,1909f56bfc062723c751e8b465ee728b)
Start importing Assets/FONTS/alice_in_wonderland/Alice_in_Wonderland_3.ttf using Guid(aab7babd8beb99546b4984d338fc0564) Importer(815301076,1909f56bfc062723c751e8b465ee728b)  -> (artifact id: '73738db6e7d37d77c4f0bee59b3c3f76') in 0.044767 seconds 
========================================================================
Received Import Request.
  Time since last request: 0.000025 seconds.
  path: Assets/FONTS/linear_beam/Linebeam.ttf
  artifactKey: Guid(64b2466237ee091498b2f4f06a54bc73) Importer(815301076,1909f56bfc062723c751e8b465ee728b)
Start importing Assets/FONTS/linear_beam/Linebeam.ttf using Guid(64b2466237ee091498b2f4f06a54bc73) Importer(815301076,1909f56bfc062723c751e8b465ee728b)  -> (artifact id: '07816240a473a69cb9912dc333220127') in 0.036929 seconds 
========================================================================
Received Import Request.
  Time since last request: 17.678027 seconds.
  path: Assets/PREFABS/GROUNDS/GridWater.prefab
  artifactKey: Guid(3abe10dc09efbf14c9b520af608e64c9) Importer(815301076,1909f56bfc062723c751e8b465ee728b)
Start importing Assets/PREFABS/GROUNDS/GridWater.prefab using Guid(3abe10dc09efbf14c9b520af608e64c9) Importer(815301076,1909f56bfc062723c751e8b465ee728b)  -> (artifact id: 'b1e35e3c6064ec851ac0f4eb90a7cb30') in 0.029292 seconds 
========================================================================
Received Import Request.
  Time since last request: 6.926247 seconds.
  path: Assets/PREFABS/GROUNDS/GridWater.prefab
  artifactKey: Guid(3abe10dc09efbf14c9b520af608e64c9) Importer(815301076,1909f56bfc062723c751e8b465ee728b)
Start importing Assets/PREFABS/GROUNDS/GridWater.prefab using Guid(3abe10dc09efbf14c9b520af608e64c9) Importer(815301076,1909f56bfc062723c751e8b465ee728b)  -> (artifact id: '6a09f4237f90188892e54267e8200e8d') in 0.033044 seconds 
========================================================================
Received Import Request.
  Time since last request: 7.167271 seconds.
  path: Assets/PREFABS/GROUNDS/GridWater.prefab
  artifactKey: Guid(3abe10dc09efbf14c9b520af608e64c9) Importer(815301076,1909f56bfc062723c751e8b465ee728b)
Start importing Assets/PREFABS/GROUNDS/GridWater.prefab using Guid(3abe10dc09efbf14c9b520af608e64c9) Importer(815301076,1909f56bfc062723c751e8b465ee728b)  -> (artifact id: '5064fa162255072fa9cdff516ac46866') in 0.033794 seconds 
========================================================================
Received Import Request.
  Time since last request: 11.464650 seconds.
  path: Assets/PREFABS/GROUNDS/GridWater.prefab
  artifactKey: Guid(3abe10dc09efbf14c9b520af608e64c9) Importer(815301076,1909f56bfc062723c751e8b465ee728b)
Start importing Assets/PREFABS/GROUNDS/GridWater.prefab using Guid(3abe10dc09efbf14c9b520af608e64c9) Importer(815301076,1909f56bfc062723c751e8b465ee728b)  -> (artifact id: '66307c6e7dde57cc0c97d66233fd6665') in 0.036226 seconds 
========================================================================
Received Import Request.
  Time since last request: 30.146231 seconds.
  path: Assets/PREFABS/GROUNDS/GridWater.prefab
  artifactKey: Guid(3abe10dc09efbf14c9b520af608e64c9) Importer(815301076,1909f56bfc062723c751e8b465ee728b)
Start importing Assets/PREFABS/GROUNDS/GridWater.prefab using Guid(3abe10dc09efbf14c9b520af608e64c9) Importer(815301076,1909f56bfc062723c751e8b465ee728b)  -> (artifact id: 'c8425e3957fd43f4c9e77a3689eda18e') in 0.034253 seconds 
========================================================================
Received Import Request.
  Time since last request: 28.598288 seconds.
  path: Assets/PREFABS/GROUNDS/Grid.prefab
  artifactKey: Guid(bb50b77ea23b7c646bf71928787efe57) Importer(815301076,1909f56bfc062723c751e8b465ee728b)
Start importing Assets/PREFABS/GROUNDS/Grid.prefab using Guid(bb50b77ea23b7c646bf71928787efe57) Importer(815301076,1909f56bfc062723c751e8b465ee728b)  -> (artifact id: '8aca65b00fa743442e4c288e1793bbb2') in 0.031578 seconds 
========================================================================
Received Import Request.
  Time since last request: 0.000037 seconds.
  path: Assets/PREFABS/GROUNDS/GridCorner180.prefab
  artifactKey: Guid(c09770ee514333747b0ddd74e1c67127) Importer(815301076,1909f56bfc062723c751e8b465ee728b)
Start importing Assets/PREFABS/GROUNDS/GridCorner180.prefab using Guid(c09770ee514333747b0ddd74e1c67127) Importer(815301076,1909f56bfc062723c751e8b465ee728b)  -> (artifact id: '43dce7d41b191e23c87034c599ce4adc') in 0.036957 seconds 
========================================================================
Received Import Request.
  Time since last request: 0.000030 seconds.
  path: Assets/PREFABS/GROUNDS/GridCorner270.prefab
  artifactKey: Guid(d5e82a472d9953a40883b7de1ba7d4f4) Importer(815301076,1909f56bfc062723c751e8b465ee728b)
Start importing Assets/PREFABS/GROUNDS/GridCorner270.prefab using Guid(d5e82a472d9953a40883b7de1ba7d4f4) Importer(815301076,1909f56bfc062723c751e8b465ee728b)  -> (artifact id: '8ccf9283fdfe1dba65f362ff5decc6a1') in 0.050816 seconds 
========================================================================
Received Import Request.
  Time since last request: 0.000040 seconds.
  path: Assets/PREFABS/GROUNDS/GridWater.prefab
  artifactKey: Guid(3abe10dc09efbf14c9b520af608e64c9) Importer(815301076,1909f56bfc062723c751e8b465ee728b)
Start importing Assets/PREFABS/GROUNDS/GridWater.prefab using Guid(3abe10dc09efbf14c9b520af608e64c9) Importer(815301076,1909f56bfc062723c751e8b465ee728b)  -> (artifact id: 'e0fa2e553242180cddb7c9096220e44e') in 0.033769 seconds 
========================================================================
Received Import Request.
  Time since last request: 9.195497 seconds.
  path: Assets/PREFABS/GROUNDS/Grid.prefab
  artifactKey: Guid(bb50b77ea23b7c646bf71928787efe57) Importer(815301076,1909f56bfc062723c751e8b465ee728b)
Start importing Assets/PREFABS/GROUNDS/Grid.prefab using Guid(bb50b77ea23b7c646bf71928787efe57) Importer(815301076,1909f56bfc062723c751e8b465ee728b)  -> (artifact id: '7f603e7a0011c3c4bb7b35ac04b30399') in 0.034264 seconds 
========================================================================
Received Import Request.
  Time since last request: 0.000026 seconds.
  path: Assets/PREFABS/GROUNDS/GridCorner180.prefab
  artifactKey: Guid(c09770ee514333747b0ddd74e1c67127) Importer(815301076,1909f56bfc062723c751e8b465ee728b)
Start importing Assets/PREFABS/GROUNDS/GridCorner180.prefab using Guid(c09770ee514333747b0ddd74e1c67127) Importer(815301076,1909f56bfc062723c751e8b465ee728b)  -> (artifact id: 'b041ea4b9a1740c779e86b8d5dc3cca9') in 0.033094 seconds 
========================================================================
Received Import Request.
  Time since last request: 0.000027 seconds.
  path: Assets/PREFABS/GROUNDS/GridRoad.prefab
  artifactKey: Guid(cd3488b3dd5c7204893e8746ece3247d) Importer(815301076,1909f56bfc062723c751e8b465ee728b)
Start importing Assets/PREFABS/GROUNDS/GridRoad.prefab using Guid(cd3488b3dd5c7204893e8746ece3247d) Importer(815301076,1909f56bfc062723c751e8b465ee728b)  -> (artifact id: 'e0df4a489f2f8792972f233e409114cc') in 0.033267 seconds 
========================================================================
Received Import Request.
  Time since last request: 0.000028 seconds.
  path: Assets/PREFABS/GROUNDS/GridCorner90.prefab
  artifactKey: Guid(8a91255c323d2e24ea4981622e73e1db) Importer(815301076,1909f56bfc062723c751e8b465ee728b)
Start importing Assets/PREFABS/GROUNDS/GridCorner90.prefab using Guid(8a91255c323d2e24ea4981622e73e1db) Importer(815301076,1909f56bfc062723c751e8b465ee728b)  -> (artifact id: '2ffa9a612d75e7ea43d4d18c0a845b16') in 0.035920 seconds 
========================================================================
Received Import Request.
  Time since last request: 18.492522 seconds.
  path: Assets/PREFABS/GROUNDS/GridWater.prefab
  artifactKey: Guid(3abe10dc09efbf14c9b520af608e64c9) Importer(815301076,1909f56bfc062723c751e8b465ee728b)
Start importing Assets/PREFABS/GROUNDS/GridWater.prefab using Guid(3abe10dc09efbf14c9b520af608e64c9) Importer(815301076,1909f56bfc062723c751e8b465ee728b)  -> (artifact id: '12ff1c49dccd799f4ca029e1f7231ff4') in 0.028827 seconds 
========================================================================
Received Import Request.
  Time since last request: 24.989385 seconds.
  path: Assets/PREFABS/GROUNDS/GridWater.prefab
  artifactKey: Guid(3abe10dc09efbf14c9b520af608e64c9) Importer(815301076,1909f56bfc062723c751e8b465ee728b)
Start importing Assets/PREFABS/GROUNDS/GridWater.prefab using Guid(3abe10dc09efbf14c9b520af608e64c9) Importer(815301076,1909f56bfc062723c751e8b465ee728b)  -> (artifact id: 'a3a15c117c28b9fce0413441ebb541c3') in 0.032441 seconds 
========================================================================
Received Import Request.
  Time since last request: 6.420830 seconds.
  path: Assets/PREFABS/GROUNDS/GridWater.prefab
  artifactKey: Guid(3abe10dc09efbf14c9b520af608e64c9) Importer(815301076,1909f56bfc062723c751e8b465ee728b)
Start importing Assets/PREFABS/GROUNDS/GridWater.prefab using Guid(3abe10dc09efbf14c9b520af608e64c9) Importer(815301076,1909f56bfc062723c751e8b465ee728b)  -> (artifact id: 'f827bfc46a2d0f490e594e710c39fb65') in 0.031261 seconds 
========================================================================
Received Import Request.
  Time since last request: 15.408775 seconds.
  path: Assets/PREFABS/GROUNDS/GridWater.prefab
  artifactKey: Guid(3abe10dc09efbf14c9b520af608e64c9) Importer(815301076,1909f56bfc062723c751e8b465ee728b)
Start importing Assets/PREFABS/GROUNDS/GridWater.prefab using Guid(3abe10dc09efbf14c9b520af608e64c9) Importer(815301076,1909f56bfc062723c751e8b465ee728b)  -> (artifact id: 'e269952b7e8956cf6805a268b184578a') in 0.033968 seconds 
========================================================================
Received Import Request.
  Time since last request: 3.473832 seconds.
  path: Assets/PREFABS/GROUNDS/GridWater.prefab
  artifactKey: Guid(3abe10dc09efbf14c9b520af608e64c9) Importer(815301076,1909f56bfc062723c751e8b465ee728b)
Start importing Assets/PREFABS/GROUNDS/GridWater.prefab using Guid(3abe10dc09efbf14c9b520af608e64c9) Importer(815301076,1909f56bfc062723c751e8b465ee728b)  -> (artifact id: '402db67e800ed75040a2a6c6f5739efa') in 0.036364 seconds 
========================================================================
Received Import Request.
  Time since last request: 28.272369 seconds.
  path: Assets/PREFABS/GROUNDS/GridWater.prefab
  artifactKey: Guid(3abe10dc09efbf14c9b520af608e64c9) Importer(815301076,1909f56bfc062723c751e8b465ee728b)
Start importing Assets/PREFABS/GROUNDS/GridWater.prefab using Guid(3abe10dc09efbf14c9b520af608e64c9) Importer(815301076,1909f56bfc062723c751e8b465ee728b)  -> (artifact id: '2105e08e3a9c0e53ce1734bb5852ebc8') in 0.030150 seconds 
========================================================================
Received Import Request.
  Time since last request: 16.524161 seconds.
  path: Assets/PREFABS/GROUNDS/Grid 1.prefab
  artifactKey: Guid(91a6aa207f90f8349911e4f87584dd54) Importer(815301076,1909f56bfc062723c751e8b465ee728b)
Start importing Assets/PREFABS/GROUNDS/Grid 1.prefab using Guid(91a6aa207f90f8349911e4f87584dd54) Importer(815301076,1909f56bfc062723c751e8b465ee728b)  -> (artifact id: 'e2249472087b43a8c2579742bd452940') in 0.039008 seconds 
========================================================================
Received Import Request.
  Time since last request: 9.662603 seconds.
  path: Assets/PREFABS/GROUNDS/GridWater.prefab
  artifactKey: Guid(91a6aa207f90f8349911e4f87584dd54) Importer(815301076,1909f56bfc062723c751e8b465ee728b)
Start importing Assets/PREFABS/GROUNDS/GridWater.prefab using Guid(91a6aa207f90f8349911e4f87584dd54) Importer(815301076,1909f56bfc062723c751e8b465ee728b)  -> (artifact id: 'bf8bd33e66a387929de3c51684fbf4c4') in 0.029575 seconds 
========================================================================
Received Import Request.
  Time since last request: 16.187451 seconds.
  path: Assets/PREFABS/GROUNDS/GridWater.prefab
  artifactKey: Guid(91a6aa207f90f8349911e4f87584dd54) Importer(815301076,1909f56bfc062723c751e8b465ee728b)
Start importing Assets/PREFABS/GROUNDS/GridWater.prefab using Guid(91a6aa207f90f8349911e4f87584dd54) Importer(815301076,1909f56bfc062723c751e8b465ee728b)  -> (artifact id: '7ba4f208f782031463d0a4f4c5b435ca') in 0.029552 seconds 
========================================================================
Received Import Request.
  Time since last request: 11.472150 seconds.
  path: Assets/PREFABS/GROUNDS/GridWater.prefab
  artifactKey: Guid(91a6aa207f90f8349911e4f87584dd54) Importer(815301076,1909f56bfc062723c751e8b465ee728b)
Start importing Assets/PREFABS/GROUNDS/GridWater.prefab using Guid(91a6aa207f90f8349911e4f87584dd54) Importer(815301076,1909f56bfc062723c751e8b465ee728b)  -> (artifact id: '155cd016da62adb5b7af778b8a3d39e6') in 0.036382 seconds 
========================================================================
Received Import Request.
  Time since last request: 6.053832 seconds.
  path: Assets/PREFABS/GROUNDS/(0, 0).prefab
  artifactKey: Guid(91a6aa207f90f8349911e4f87584dd54) Importer(815301076,1909f56bfc062723c751e8b465ee728b)
Start importing Assets/PREFABS/GROUNDS/(0, 0).prefab using Guid(91a6aa207f90f8349911e4f87584dd54) Importer(815301076,1909f56bfc062723c751e8b465ee728b)  -> (artifact id: '4c8995cec2121b78e3c04d945321e8d3') in 0.039932 seconds 
========================================================================
Received Import Request.
  Time since last request: 5.809373 seconds.
  path: Assets/PREFABS/GROUNDS/(0, 0).prefab
  artifactKey: Guid(91a6aa207f90f8349911e4f87584dd54) Importer(815301076,1909f56bfc062723c751e8b465ee728b)
Start importing Assets/PREFABS/GROUNDS/(0, 0).prefab using Guid(91a6aa207f90f8349911e4f87584dd54) Importer(815301076,1909f56bfc062723c751e8b465ee728b)  -> (artifact id: '4ed05d2880e309ea2c31400c04348bdd') in 0.033214 seconds 
========================================================================
Received Import Request.
  Time since last request: 1.025453 seconds.
  path: Assets/PREFABS/GROUNDS/(0, 0).prefab
  artifactKey: Guid(91a6aa207f90f8349911e4f87584dd54) Importer(815301076,1909f56bfc062723c751e8b465ee728b)
Start importing Assets/PREFABS/GROUNDS/(0, 0).prefab using Guid(91a6aa207f90f8349911e4f87584dd54) Importer(815301076,1909f56bfc062723c751e8b465ee728b)  -> (artifact id: 'c8a6cbfeb04a879cfc49468f1700a69d') in 0.031619 seconds 
========================================================================
Received Import Request.
  Time since last request: 7.629525 seconds.
  path: Assets/PREFABS/GROUNDS/(0, 0).prefab
  artifactKey: Guid(91a6aa207f90f8349911e4f87584dd54) Importer(815301076,1909f56bfc062723c751e8b465ee728b)
Start importing Assets/PREFABS/GROUNDS/(0, 0).prefab using Guid(91a6aa207f90f8349911e4f87584dd54) Importer(815301076,1909f56bfc062723c751e8b465ee728b)  -> (artifact id: '77fca7d5b3ebfe6536bf23e458e4ea77') in 0.017048 seconds 
========================================================================
Received Import Request.
  Time since last request: 355.182531 seconds.
  path: Assets/PREFABS/GROUNDS/GridWater.prefab
  artifactKey: Guid(164b1796c00c3bb4a86401c32e9ff8e7) Importer(815301076,1909f56bfc062723c751e8b465ee728b)
Start importing Assets/PREFABS/GROUNDS/GridWater.prefab using Guid(164b1796c00c3bb4a86401c32e9ff8e7) Importer(815301076,1909f56bfc062723c751e8b465ee728b)  -> (artifact id: '540591966d860e1a16a64d1e5ceb1a00') in 0.034773 seconds 
========================================================================
Received Import Request.
  Time since last request: 13.691259 seconds.
  path: Assets/PREFABS/GROUNDS/GridWater.prefab
  artifactKey: Guid(164b1796c00c3bb4a86401c32e9ff8e7) Importer(815301076,1909f56bfc062723c751e8b465ee728b)
Start importing Assets/PREFABS/GROUNDS/GridWater.prefab using Guid(164b1796c00c3bb4a86401c32e9ff8e7) Importer(815301076,1909f56bfc062723c751e8b465ee728b)  -> (artifact id: '3732f8813f8e92bed16c44a6b7f52e0a') in 0.033310 seconds 
========================================================================
Received Import Request.
  Time since last request: 6.113985 seconds.
  path: Assets/PREFABS/GROUNDS/GridWater.prefab
  artifactKey: Guid(164b1796c00c3bb4a86401c32e9ff8e7) Importer(815301076,1909f56bfc062723c751e8b465ee728b)
Start importing Assets/PREFABS/GROUNDS/GridWater.prefab using Guid(164b1796c00c3bb4a86401c32e9ff8e7) Importer(815301076,1909f56bfc062723c751e8b465ee728b)  -> (artifact id: 'eb58918d67c77927132d6b7d9607f1fa') in 0.035275 seconds 
========================================================================
Received Import Request.
  Time since last request: 14.618844 seconds.
  path: Assets/PREFABS/GROUNDS/GridWater.prefab
  artifactKey: Guid(164b1796c00c3bb4a86401c32e9ff8e7) Importer(815301076,1909f56bfc062723c751e8b465ee728b)
Start importing Assets/PREFABS/GROUNDS/GridWater.prefab using Guid(164b1796c00c3bb4a86401c32e9ff8e7) Importer(815301076,1909f56bfc062723c751e8b465ee728b)  -> (artifact id: '76b77f1f2eaba56e392322e319537991') in 0.035504 seconds 
========================================================================
Received Import Request.
  Time since last request: 28.681696 seconds.
  path: Assets/PREFABS/GROUNDS/GridWater.prefab
  artifactKey: Guid(164b1796c00c3bb4a86401c32e9ff8e7) Importer(815301076,1909f56bfc062723c751e8b465ee728b)
Start importing Assets/PREFABS/GROUNDS/GridWater.prefab using Guid(164b1796c00c3bb4a86401c32e9ff8e7) Importer(815301076,1909f56bfc062723c751e8b465ee728b)  -> (artifact id: '1326f613d478a9b01aaa23f6a00768e5') in 0.139822 seconds 
========================================================================
Received Import Request.
  Time since last request: 16.681323 seconds.
  path: Assets/PREFABS/GROUNDS/GridFullWater.prefab
  artifactKey: Guid(c27de013f56ffda48af637b5b467791d) Importer(815301076,1909f56bfc062723c751e8b465ee728b)
Start importing Assets/PREFABS/GROUNDS/GridFullWater.prefab using Guid(c27de013f56ffda48af637b5b467791d) Importer(815301076,1909f56bfc062723c751e8b465ee728b)  -> (artifact id: '23a328aafa8b61a226253d268111bcf5') in 0.037427 seconds 
========================================================================
Received Import Request.
  Time since last request: 10.464536 seconds.
  path: Assets/PREFABS/GROUNDS/GridFullWater.prefab
  artifactKey: Guid(c27de013f56ffda48af637b5b467791d) Importer(815301076,1909f56bfc062723c751e8b465ee728b)
Start importing Assets/PREFABS/GROUNDS/GridFullWater.prefab using Guid(c27de013f56ffda48af637b5b467791d) Importer(815301076,1909f56bfc062723c751e8b465ee728b)  -> (artifact id: '498f0824dc997c9a0ae4d3a6396fd47e') in 0.044828 seconds 
========================================================================
Received Import Request.
  Time since last request: 13.823101 seconds.
  path: Assets/PREFABS/GROUNDS/GridFullWater.prefab
  artifactKey: Guid(c27de013f56ffda48af637b5b467791d) Importer(815301076,1909f56bfc062723c751e8b465ee728b)
Start importing Assets/PREFABS/GROUNDS/GridFullWater.prefab using Guid(c27de013f56ffda48af637b5b467791d) Importer(815301076,1909f56bfc062723c751e8b465ee728b)  -> (artifact id: 'd59c34ff7e2ae2fa743492abad66a2c7') in 0.037984 seconds 
========================================================================
Received Import Request.
  Time since last request: 4.814889 seconds.
  path: Assets/PREFABS/GROUNDS/GridFullWater.prefab
  artifactKey: Guid(c27de013f56ffda48af637b5b467791d) Importer(815301076,1909f56bfc062723c751e8b465ee728b)
Start importing Assets/PREFABS/GROUNDS/GridFullWater.prefab using Guid(c27de013f56ffda48af637b5b467791d) Importer(815301076,1909f56bfc062723c751e8b465ee728b)  -> (artifact id: '87201f8d5f3f5569930890eb3ec84d40') in 0.046141 seconds 
========================================================================
Received Import Request.
  Time since last request: 30.975224 seconds.
  path: Assets/PREFABS/GROUNDS/GridWater.prefab
  artifactKey: Guid(164b1796c00c3bb4a86401c32e9ff8e7) Importer(815301076,1909f56bfc062723c751e8b465ee728b)
Start importing Assets/PREFABS/GROUNDS/GridWater.prefab using Guid(164b1796c00c3bb4a86401c32e9ff8e7) Importer(815301076,1909f56bfc062723c751e8b465ee728b)  -> (artifact id: 'f11d672e69ba2f294cce17229e0e33c3') in 0.034053 seconds 
========================================================================
Received Import Request.
  Time since last request: 264.499450 seconds.
  path: Assets/PREFABS/GROUNDS/GridWaterCorner.prefab
  artifactKey: Guid(db7a09d98d8653946a5e6c0a22e9e821) Importer(815301076,1909f56bfc062723c751e8b465ee728b)
Start importing Assets/PREFABS/GROUNDS/GridWaterCorner.prefab using Guid(db7a09d98d8653946a5e6c0a22e9e821) Importer(815301076,1909f56bfc062723c751e8b465ee728b)  -> (artifact id: '5fbfdd536d5fd9f3f2737f6fc14dfe97') in 0.042061 seconds 
========================================================================
Received Import Request.
  Time since last request: 12.621839 seconds.
  path: Assets/PREFABS/GROUNDS/GridWaterCorner.prefab
  artifactKey: Guid(db7a09d98d8653946a5e6c0a22e9e821) Importer(815301076,1909f56bfc062723c751e8b465ee728b)
Start importing Assets/PREFABS/GROUNDS/GridWaterCorner.prefab using Guid(db7a09d98d8653946a5e6c0a22e9e821) Importer(815301076,1909f56bfc062723c751e8b465ee728b)  -> (artifact id: 'a6204d4efe55fb0473138f4cf42a24a3') in 0.036655 seconds 
========================================================================
Received Import Request.
  Time since last request: 8.653128 seconds.
  path: Assets/PREFABS/GROUNDS/GridWaterCorner.prefab
  artifactKey: Guid(db7a09d98d8653946a5e6c0a22e9e821) Importer(815301076,1909f56bfc062723c751e8b465ee728b)
Start importing Assets/PREFABS/GROUNDS/GridWaterCorner.prefab using Guid(db7a09d98d8653946a5e6c0a22e9e821) Importer(815301076,1909f56bfc062723c751e8b465ee728b)  -> (artifact id: '948cf62dd82df8d9c689c8f5695ffe73') in 0.034397 seconds 
========================================================================
Received Import Request.
  Time since last request: 5.374247 seconds.
  path: Assets/PREFABS/GROUNDS/GridWaterCorner.prefab
  artifactKey: Guid(db7a09d98d8653946a5e6c0a22e9e821) Importer(815301076,1909f56bfc062723c751e8b465ee728b)
Start importing Assets/PREFABS/GROUNDS/GridWaterCorner.prefab using Guid(db7a09d98d8653946a5e6c0a22e9e821) Importer(815301076,1909f56bfc062723c751e8b465ee728b)  -> (artifact id: '8c1b3c388f9f3afa5874a2860e179ec2') in 0.044295 seconds 
========================================================================
Received Prepare
Registering precompiled user dll's ...
Registered in 0.004953 seconds.
Begin MonoManager ReloadAssembly
Symbol file LoadedFromMemory doesn't match image C:\PROJECTS\Tayer defense 3D game\Library\PackageCache\com.unity.visualscripting@1.8.0\Editor\VisualScripting.Core\Dependencies\YamlDotNet\Unity.VisualScripting.YamlDotNet.dll
Symbol file LoadedFromMemory doesn't match image C:\PROJECTS\Tayer defense 3D game\Library\PackageCache\com.unity.visualscripting@1.8.0\Editor\VisualScripting.Core\Dependencies\DotNetZip\Unity.VisualScripting.IonicZip.dll
Native extension for WindowsStandalone target not found
Native extension for WebGL target not found
Refreshing native plugins compatible for Editor in 0.75 ms, found 3 plugins.
Preloading 0 native plugins for Editor in 0.00 ms.
Mono: successfully reloaded assembly
- Completed reload, in  1.909 seconds
Domain Reload Profiling:
	ReloadAssembly (1911ms)
		BeginReloadAssembly (269ms)
			ExecutionOrderSort (0ms)
			DisableScriptedObjects (12ms)
			BackupInstance (0ms)
			ReleaseScriptingObjects (0ms)
			CreateAndSetChildDomain (64ms)
		EndReloadAssembly (1456ms)
			LoadAssemblies (174ms)
			RebuildTransferFunctionScriptingTraits (0ms)
			SetupTypeCache (550ms)
			ReleaseScriptCaches (2ms)
			RebuildScriptCaches (86ms)
			SetupLoadedEditorAssemblies (587ms)
				LogAssemblyErrors (0ms)
				InitializePlatformSupportModulesInManaged (12ms)
				SetLoadedEditorAssemblies (1ms)
				RefreshPlugins (1ms)
				BeforeProcessingInitializeOnLoad (119ms)
				ProcessInitializeOnLoadAttributes (408ms)
				ProcessInitializeOnLoadMethodAttributes (40ms)
				AfterProcessingInitializeOnLoad (6ms)
				EditorAssembliesLoaded (0ms)
			ExecutionOrderSort2 (0ms)
			AwakeInstancesAfterBackupRestoration (12ms)
Platform modules already initialized, skipping
Refreshing native plugins compatible for Editor in 2.88 ms, found 3 plugins.
Preloading 0 native plugins for Editor in 0.00 ms.
Unloading 3049 Unused Serialized files (Serialized files now loaded: 0)
Unloading 16 unused Assets / (25.4 KB). Loaded Objects now: 3618.
Memory consumption went from 119.2 MB to 119.2 MB.
Total: 4.804100 ms (FindLiveObjects: 0.343500 ms CreateObjectMapping: 0.346500 ms MarkObjects: 4.068400 ms  DeleteObjects: 0.044200 ms)

AssetImportParameters requested are different than current active one (requested -> active):
  custom:video-decoder-ogg-theora: a1e56fd34408186e4bbccfd4996cb3dc -> 
  custom:container-muxer-webm: aa71ff27fc2769a1b78a27578f13a17b -> 
  custom:container-demuxer-webm: 4f35f7cbe854078d1ac9338744f61a02 -> 
  custom:video-encoder-webm-vp8: eb34c28f22e8b96e1ab97ce403110664 -> 
  custom:audio-encoder-webm-vorbis: bf7c407c2cedff20999df2af8eb42d56 -> 
  custom:framework-win-MediaFoundation: 216162199b28c13a410421893ffa2e32 -> 
  custom:container-demuxer-ogg: 62fdf1f143b41e24485cea50d1cbac27 -> 
  custom:video-decoder-webm-vp8: 9c59270c3fd7afecdb556c50c9e8de78 -> 
  custom:audio-decoder-ogg-vorbis: bf7c407c2cedff20999df2af8eb42d56 -> 
========================================================================
Received Prepare
Registering precompiled user dll's ...
Registered in 0.005055 seconds.
Begin MonoManager ReloadAssembly
Symbol file LoadedFromMemory doesn't match image C:\PROJECTS\Tayer defense 3D game\Library\PackageCache\com.unity.visualscripting@1.8.0\Editor\VisualScripting.Core\Dependencies\YamlDotNet\Unity.VisualScripting.YamlDotNet.dll
Symbol file LoadedFromMemory doesn't match image C:\PROJECTS\Tayer defense 3D game\Library\PackageCache\com.unity.visualscripting@1.8.0\Editor\VisualScripting.Core\Dependencies\DotNetZip\Unity.VisualScripting.IonicZip.dll
Native extension for WindowsStandalone target not found
Native extension for WebGL target not found
Refreshing native plugins compatible for Editor in 0.70 ms, found 3 plugins.
Preloading 0 native plugins for Editor in 0.00 ms.
Mono: successfully reloaded assembly
- Completed reload, in  1.818 seconds
Domain Reload Profiling:
	ReloadAssembly (1820ms)
		BeginReloadAssembly (247ms)
			ExecutionOrderSort (0ms)
			DisableScriptedObjects (12ms)
			BackupInstance (0ms)
			ReleaseScriptingObjects (0ms)
			CreateAndSetChildDomain (55ms)
		EndReloadAssembly (1405ms)
			LoadAssemblies (162ms)
			RebuildTransferFunctionScriptingTraits (0ms)
			SetupTypeCache (506ms)
			ReleaseScriptCaches (2ms)
			RebuildScriptCaches (90ms)
			SetupLoadedEditorAssemblies (584ms)
				LogAssemblyErrors (0ms)
				InitializePlatformSupportModulesInManaged (12ms)
				SetLoadedEditorAssemblies (1ms)
				RefreshPlugins (1ms)
				BeforeProcessingInitializeOnLoad (115ms)
				ProcessInitializeOnLoadAttributes (407ms)
				ProcessInitializeOnLoadMethodAttributes (41ms)
				AfterProcessingInitializeOnLoad (6ms)
				EditorAssembliesLoaded (0ms)
			ExecutionOrderSort2 (0ms)
			AwakeInstancesAfterBackupRestoration (13ms)
Platform modules already initialized, skipping
Refreshing native plugins compatible for Editor in 2.48 ms, found 3 plugins.
Preloading 0 native plugins for Editor in 0.00 ms.
Unloading 3049 Unused Serialized files (Serialized files now loaded: 0)
Unloading 15 unused Assets / (24.7 KB). Loaded Objects now: 3621.
Memory consumption went from 119.2 MB to 119.2 MB.
Total: 4.653500 ms (FindLiveObjects: 0.422400 ms CreateObjectMapping: 0.400800 ms MarkObjects: 3.797200 ms  DeleteObjects: 0.031800 ms)

AssetImportParameters requested are different than current active one (requested -> active):
  custom:video-decoder-ogg-theora: a1e56fd34408186e4bbccfd4996cb3dc -> 
  custom:container-muxer-webm: aa71ff27fc2769a1b78a27578f13a17b -> 
  custom:container-demuxer-webm: 4f35f7cbe854078d1ac9338744f61a02 -> 
  custom:video-encoder-webm-vp8: eb34c28f22e8b96e1ab97ce403110664 -> 
  custom:audio-encoder-webm-vorbis: bf7c407c2cedff20999df2af8eb42d56 -> 
  custom:framework-win-MediaFoundation: 216162199b28c13a410421893ffa2e32 -> 
  custom:container-demuxer-ogg: 62fdf1f143b41e24485cea50d1cbac27 -> 
  custom:video-decoder-webm-vp8: 9c59270c3fd7afecdb556c50c9e8de78 -> 
  custom:audio-decoder-ogg-vorbis: bf7c407c2cedff20999df2af8eb42d56 -> 
========================================================================
Received Import Request.
  Time since last request: 695.754007 seconds.
  path: Assets/PREFABS/TOWERS/Ballista.prefab
  artifactKey: Guid(ba69103009d8ffe4ba2abfff7d8f3051) Importer(815301076,1909f56bfc062723c751e8b465ee728b)
Start importing Assets/PREFABS/TOWERS/Ballista.prefab using Guid(ba69103009d8ffe4ba2abfff7d8f3051) Importer(815301076,1909f56bfc062723c751e8b465ee728b)  -> (artifact id: 'e3cb8e825a40b39e8b15766413afb58b') in 0.161305 seconds 
========================================================================
Received Prepare
Registering precompiled user dll's ...
Registered in 0.005042 seconds.
Begin MonoManager ReloadAssembly
Symbol file LoadedFromMemory doesn't match image C:\PROJECTS\Tayer defense 3D game\Library\PackageCache\com.unity.visualscripting@1.8.0\Editor\VisualScripting.Core\Dependencies\YamlDotNet\Unity.VisualScripting.YamlDotNet.dll
Symbol file LoadedFromMemory doesn't match image C:\PROJECTS\Tayer defense 3D game\Library\PackageCache\com.unity.visualscripting@1.8.0\Editor\VisualScripting.Core\Dependencies\DotNetZip\Unity.VisualScripting.IonicZip.dll
Native extension for WindowsStandalone target not found
Native extension for WebGL target not found
Refreshing native plugins compatible for Editor in 0.75 ms, found 3 plugins.
Preloading 0 native plugins for Editor in 0.00 ms.
Mono: successfully reloaded assembly
- Completed reload, in  1.848 seconds
Domain Reload Profiling:
	ReloadAssembly (1850ms)
		BeginReloadAssembly (258ms)
			ExecutionOrderSort (0ms)
			DisableScriptedObjects (14ms)
			BackupInstance (0ms)
			ReleaseScriptingObjects (0ms)
			CreateAndSetChildDomain (57ms)
		EndReloadAssembly (1406ms)
			LoadAssemblies (168ms)
			RebuildTransferFunctionScriptingTraits (0ms)
			SetupTypeCache (502ms)
			ReleaseScriptCaches (2ms)
			RebuildScriptCaches (77ms)
			SetupLoadedEditorAssemblies (602ms)
				LogAssemblyErrors (0ms)
				InitializePlatformSupportModulesInManaged (10ms)
				SetLoadedEditorAssemblies (1ms)
				RefreshPlugins (1ms)
				BeforeProcessingInitializeOnLoad (115ms)
				ProcessInitializeOnLoadAttributes (425ms)
				ProcessInitializeOnLoadMethodAttributes (43ms)
				AfterProcessingInitializeOnLoad (6ms)
				EditorAssembliesLoaded (0ms)
			ExecutionOrderSort2 (0ms)
			AwakeInstancesAfterBackupRestoration (14ms)
Platform modules already initialized, skipping
Refreshing native plugins compatible for Editor in 2.41 ms, found 3 plugins.
Preloading 0 native plugins for Editor in 0.00 ms.
Unloading 3049 Unused Serialized files (Serialized files now loaded: 0)
Unloading 16 unused Assets / (25.7 KB). Loaded Objects now: 3624.
Memory consumption went from 119.2 MB to 119.2 MB.
Total: 5.250500 ms (FindLiveObjects: 0.457500 ms CreateObjectMapping: 0.458100 ms MarkObjects: 4.296500 ms  DeleteObjects: 0.036900 ms)

AssetImportParameters requested are different than current active one (requested -> active):
  custom:video-decoder-ogg-theora: a1e56fd34408186e4bbccfd4996cb3dc -> 
  custom:container-muxer-webm: aa71ff27fc2769a1b78a27578f13a17b -> 
  custom:container-demuxer-webm: 4f35f7cbe854078d1ac9338744f61a02 -> 
  custom:video-encoder-webm-vp8: eb34c28f22e8b96e1ab97ce403110664 -> 
  custom:audio-encoder-webm-vorbis: bf7c407c2cedff20999df2af8eb42d56 -> 
  custom:framework-win-MediaFoundation: 216162199b28c13a410421893ffa2e32 -> 
  custom:container-demuxer-ogg: 62fdf1f143b41e24485cea50d1cbac27 -> 
  custom:video-decoder-webm-vp8: 9c59270c3fd7afecdb556c50c9e8de78 -> 
  custom:audio-decoder-ogg-vorbis: bf7c407c2cedff20999df2af8eb42d56 -> 
